# JRE version: Java(TM) SE Runtime Environment (8.0_121-b13) (build 1.8.0_121-b13)
# Java VM: Java HotSpot(TM) 64-Bit Server VM (25.121-b13 mixed mode windows-amd64 compressed oops)
Heap:
 PSYoungGen      total 174592K, used 4837K [0x00000000e0f80000, 0x00000000f2200000, 0x0000000100000000)
  eden space 156160K, 3% used [0x00000000e0f80000,0x00000000e14397a8,0x00000000ea800000)
  from space 18432K, 0% used [0x00000000ea800000,0x00000000ea800000,0x00000000eba00000)
  to   space 17920K, 0% used [0x00000000f1080000,0x00000000f1080000,0x00000000f2200000)
 ParOldGen       total 63488K, used 22705K [0x00000000a2e00000, 0x00000000a6c00000, 0x00000000e0f80000)
  object space 63488K, 35% used [0x00000000a2e00000,0x00000000a442c548,0x00000000a6c00000)
 Metaspace       used 38736K, capacity 39324K, committed 39808K, reserved 1085440K
  class space    used 4421K, capacity 4633K, committed 4736K, reserved 1048576K
GC Heap History (10 events):
Event: 518.882 GC heap before
{Heap before GC invocations=10 (full 1):
 PSYoungGen      total 107520K, used 101057K [0x00000000e0f80000, 0x00000000e8380000, 0x0000000100000000)
  eden space 97792K, 100% used [0x00000000e0f80000,0x00000000e6f00000,0x00000000e6f00000)
  from space 9728K, 33% used [0x00000000e7900000,0x00000000e7c30758,0x00000000e8280000)
  to   space 10240K, 0% used [0x00000000e6f00000,0x00000000e6f00000,0x00000000e7900000)
 ParOldGen       total 45056K, used 14958K [0x00000000a2e00000, 0x00000000a5a00000, 0x00000000e0f80000)
  object space 45056K, 33% used [0x00000000a2e00000,0x00000000a3c9b8e0,0x00000000a5a00000)
 Metaspace       used 27335K, capacity 27830K, committed 28288K, reserved 1075200K
  class space    used 3235K, capacity 3403K, committed 3456K, reserved 1048576K
Event: 518.961 GC heap after
Heap after GC invocations=10 (full 1):
 PSYoungGen      total 108032K, used 10234K [0x00000000e0f80000, 0x00000000ecd00000, 0x0000000100000000)
  eden space 97792K, 0% used [0x00000000e0f80000,0x00000000e0f80000,0x00000000e6f00000)
  from space 10240K, 99% used [0x00000000e6f00000,0x00000000e78fe860,0x00000000e7900000)
  to   space 18944K, 0% used [0x00000000eba80000,0x00000000eba80000,0x00000000ecd00000)
 ParOldGen       total 45056K, used 33283K [0x00000000a2e00000, 0x00000000a5a00000, 0x00000000e0f80000)
  object space 45056K, 73% used [0x00000000a2e00000,0x00000000a4e80e58,0x00000000a5a00000)
 Metaspace       used 27335K, capacity 27830K, committed 28288K, reserved 1075200K
  class space    used 3235K, capacity 3403K, committed 3456K, reserved 1048576K
}
Event: 535.681 GC heap before
{Heap before GC invocations=11 (full 1):
 PSYoungGen      total 108032K, used 68572K [0x00000000e0f80000, 0x00000000ecd00000, 0x0000000100000000)
  eden space 97792K, 59% used [0x00000000e0f80000,0x00000000e48789e0,0x00000000e6f00000)
  from space 10240K, 99% used [0x00000000e6f00000,0x00000000e78fe860,0x00000000e7900000)
  to   space 18944K, 0% used [0x00000000eba80000,0x00000000eba80000,0x00000000ecd00000)
 ParOldGen       total 45056K, used 33283K [0x00000000a2e00000, 0x00000000a5a00000, 0x00000000e0f80000)
  object space 45056K, 73% used [0x00000000a2e00000,0x00000000a4e80e58,0x00000000a5a00000)
 Metaspace       used 34663K, capacity 35178K, committed 35496K, reserved 1081344K
  class space    used 4066K, capacity 4274K, committed 4352K, reserved 1048576K
Event: 535.699 GC heap after
Heap after GC invocations=11 (full 1):
 PSYoungGen      total 174080K, used 9904K [0x00000000e0f80000, 0x00000000ecc00000, 0x0000000100000000)
  eden space 156160K, 0% used [0x00000000e0f80000,0x00000000e0f80000,0x00000000ea800000)
  from space 17920K, 55% used [0x00000000eba80000,0x00000000ec42c120,0x00000000ecc00000)
  to   space 18432K, 0% used [0x00000000ea800000,0x00000000ea800000,0x00000000eba00000)
 ParOldGen       total 45056K, used 35084K [0x00000000a2e00000, 0x00000000a5a00000, 0x00000000e0f80000)
  object space 45056K, 77% used [0x00000000a2e00000,0x00000000a5043130,0x00000000a5a00000)
 Metaspace       used 34663K, capacity 35178K, committed 35496K, reserved 1081344K
  class space    used 4066K, capacity 4274K, committed 4352K, reserved 1048576K
}
Event: 535.699 GC heap before
{Heap before GC invocations=12 (full 2):
 PSYoungGen      total 174080K, used 9904K [0x00000000e0f80000, 0x00000000ecc00000, 0x0000000100000000)
  eden space 156160K, 0% used [0x00000000e0f80000,0x00000000e0f80000,0x00000000ea800000)
  from space 17920K, 55% used [0x00000000eba80000,0x00000000ec42c120,0x00000000ecc00000)
  to   space 18432K, 0% used [0x00000000ea800000,0x00000000ea800000,0x00000000eba00000)
 ParOldGen       total 45056K, used 35084K [0x00000000a2e00000, 0x00000000a5a00000, 0x00000000e0f80000)
  object space 45056K, 77% used [0x00000000a2e00000,0x00000000a5043130,0x00000000a5a00000)
 Metaspace       used 34663K, capacity 35178K, committed 35496K, reserved 1081344K
  class space    used 4066K, capacity 4274K, committed 4352K, reserved 1048576K
Event: 535.786 GC heap after
Heap after GC invocations=12 (full 2):
 PSYoungGen      total 174080K, used 0K [0x00000000e0f80000, 0x00000000ecc00000, 0x0000000100000000)
  eden space 156160K, 0% used [0x00000000e0f80000,0x00000000e0f80000,0x00000000ea800000)
  from space 17920K, 0% used [0x00000000eba80000,0x00000000eba80000,0x00000000ecc00000)
  to   space 18432K, 0% used [0x00000000ea800000,0x00000000ea800000,0x00000000eba00000)
 ParOldGen       total 63488K, used 25929K [0x00000000a2e00000, 0x00000000a6c00000, 0x00000000e0f80000)
  object space 63488K, 40% used [0x00000000a2e00000,0x00000000a47525b8,0x00000000a6c00000)
 Metaspace       used 34663K, capacity 35178K, committed 35496K, reserved 1081344K
  class space    used 4066K, capacity 4274K, committed 4352K, reserved 1048576K
}
Event: 690.167 GC heap before
{Heap before GC invocations=13 (full 2):
 PSYoungGen      total 174080K, used 44159K [0x00000000e0f80000, 0x00000000ecc00000, 0x0000000100000000)
  eden space 156160K, 28% used [0x00000000e0f80000,0x00000000e3a9ff90,0x00000000ea800000)
  from space 17920K, 0% used [0x00000000eba80000,0x00000000eba80000,0x00000000ecc00000)
  to   space 18432K, 0% used [0x00000000ea800000,0x00000000ea800000,0x00000000eba00000)
 ParOldGen       total 63488K, used 25929K [0x00000000a2e00000, 0x00000000a6c00000, 0x00000000e0f80000)
  object space 63488K, 40% used [0x00000000a2e00000,0x00000000a47525b8,0x00000000a6c00000)
 Metaspace       used 38742K, capacity 39344K, committed 39808K, reserved 1085440K
  class space    used 4422K, capacity 4637K, committed 4736K, reserved 1048576K
Event: 690.191 GC heap after
Heap after GC invocations=13 (full 2):
 PSYoungGen      total 174592K, used 4203K [0x00000000e0f80000, 0x00000000f2200000, 0x0000000100000000)
  eden space 156160K, 0% used [0x00000000e0f80000,0x00000000e0f80000,0x00000000ea800000)
  from space 18432K, 22% used [0x00000000ea800000,0x00000000eac1acb0,0x00000000eba00000)
  to   space 17920K, 0% used [0x00000000f1080000,0x00000000f1080000,0x00000000f2200000)
 ParOldGen       total 63488K, used 25929K [0x00000000a2e00000, 0x00000000a6c00000, 0x00000000e0f80000)
  object space 63488K, 40% used [0x00000000a2e00000,0x00000000a47525b8,0x00000000a6c00000)
 Metaspace       used 38742K, capacity 39344K, committed 39808K, reserved 1085440K
  class space    used 4422K, capacity 4637K, committed 4736K, reserved 1048576K
}
Event: 690.191 GC heap before
{Heap before GC invocations=14 (full 3):
 PSYoungGen      total 174592K, used 4203K [0x00000000e0f80000, 0x00000000f2200000, 0x0000000100000000)
  eden space 156160K, 0% used [0x00000000e0f80000,0x00000000e0f80000,0x00000000ea800000)
  from space 18432K, 22% used [0x00000000ea800000,0x00000000eac1acb0,0x00000000eba00000)
  to   space 17920K, 0% used [0x00000000f1080000,0x00000000f1080000,0x00000000f2200000)
 ParOldGen       total 63488K, used 25929K [0x00000000a2e00000, 0x00000000a6c00000, 0x00000000e0f80000)
  object space 63488K, 40% used [0x00000000a2e00000,0x00000000a47525b8,0x00000000a6c00000)
 Metaspace       used 38742K, capacity 39344K, committed 39808K, reserved 1085440K
  class space    used 4422K, capacity 4637K, committed 4736K, reserved 1048576K
Event: 690.517 GC heap after
Heap after GC invocations=14 (full 3):
 PSYoungGen      total 174592K, used 0K [0x00000000e0f80000, 0x00000000f2200000, 0x0000000100000000)
  eden space 156160K, 0% used [0x00000000e0f80000,0x00000000e0f80000,0x00000000ea800000)
  from space 18432K, 0% used [0x00000000ea800000,0x00000000ea800000,0x00000000eba00000)
  to   space 17920K, 0% used [0x00000000f1080000,0x00000000f1080000,0x00000000f2200000)
 ParOldGen       total 63488K, used 22705K [0x00000000a2e00000, 0x00000000a6c00000, 0x00000000e0f80000)
  object space 63488K, 35% used [0x00000000a2e00000,0x00000000a442c548,0x00000000a6c00000)
 Metaspace       used 38727K, capacity 39324K, committed 39808K, reserved 1085440K
  class space    used 4421K, capacity 4633K, committed 4736K, reserved 1048576K
}

